Unity Editor version:    2020.3.30f1 (1fb1bf06830e)
Branch:                  2020.3/staging
Build type:              Release
Batch mode:              YES
macOS version:           Version 11.7.2 (Build 20G1020)
Darwin version:          20.6.0
Architecture:            x86_64
Running under Rosetta:   NO
Available memory:        65536 MB
Using pre-set license
Pro License: NO

COMMAND LINE ARGUMENTS:
/Applications/Unity/Unity.app/Contents/MacOS/Unity
-adb2
-batchMode
-noUpm
-name
AssetImportWorker1
-projectPath
/Volumes/Backup Plus/Unity/ArtIntel/AIProject/Art Intel
-logFile
Logs/AssetImportWorker1.log
-srvPort
55283
Successfully changed project path to: /Volumes/Backup Plus/Unity/ArtIntel/AIProject/Art Intel
/Volumes/Backup Plus/Unity/ArtIntel/AIProject/Art Intel
Using Asset Import Pipeline V2.
Refreshing native plugins compatible for Editor in 43.40 ms, found 3 plugins.
Preloading 0 native plugins for Editor in 0.00 ms.
Initialize engine version: 2020.3.30f1 (1fb1bf06830e)
[Subsystems] Discovering subsystems at path /Applications/Unity/Unity.app/Contents/Resources/UnitySubsystems
[Subsystems] Discovering subsystems at path /Volumes/Backup Plus/Unity/ArtIntel/AIProject/Art Intel/Assets
GfxDevice: creating device client; threaded=0
2023-03-07 12:28:52.860 Unity[50897:3798173] iMac preferred device: AMD Radeon Pro Vega 64 (high power)
2023-03-07 12:28:52.860 Unity[50897:3798173] Metal devices available: 1
2023-03-07 12:28:52.860 Unity[50897:3798173] 0: AMD Radeon Pro Vega 64 (high power)
2023-03-07 12:28:52.860 Unity[50897:3798173] Using device AMD Radeon Pro Vega 64 (high power)
Initializing Metal device caps: AMD Radeon Pro Vega 64
Initialize mono
Mono path[0] = '/Applications/Unity/Unity.app/Contents/Managed'
Mono path[1] = '/Applications/Unity/Unity.app/Contents/MonoBleedingEdge/lib/mono/unityjit'
Mono config path = '/Applications/Unity/Unity.app/Contents/MonoBleedingEdge/etc'
Using monoOptions --debugger-agent=transport=dt_socket,embedding=1,server=y,suspend=n,address=127.0.0.1:56897
Begin MonoManager ReloadAssembly
Registering precompiled unity dll's ...
Register platform support module: /Applications/Unity/Unity.app/Contents/PlaybackEngines/MacStandaloneSupport/UnityEditor.OSXStandalone.Extensions.dll
Registered in 0.000699 seconds.
Native extension for OSXStandalone target not found
Refreshing native plugins compatible for Editor in 39.64 ms, found 3 plugins.
Preloading 0 native plugins for Editor in 0.00 ms.
Mono: successfully reloaded assembly
- Completed reload, in  0.613 seconds
Domain Reload Profiling:
	ReloadAssembly (613ms)
		BeginReloadAssembly (66ms)
			ExecutionOrderSort (0ms)
			DisableScriptedObjects (0ms)
			BackupInstance (0ms)
			ReleaseScriptingObjects (0ms)
			CreateAndSetChildDomain (1ms)
		EndReloadAssembly (472ms)
			LoadAssemblies (65ms)
			RebuildTransferFunctionScriptingTraits (0ms)
			SetupTypeCache (175ms)
			ReleaseScriptCaches (0ms)
			RebuildScriptCaches (36ms)
			SetupLoadedEditorAssemblies (183ms)
				LogAssemblyErrors (0ms)
				InitializePlatformSupportModulesInManaged (4ms)
				SetLoadedEditorAssemblies (0ms)
				RefreshPlugins (40ms)
				BeforeProcessingInitializeOnLoad (26ms)
				ProcessInitializeOnLoadAttributes (87ms)
				ProcessInitializeOnLoadMethodAttributes (26ms)
				AfterProcessingInitializeOnLoad (0ms)
				EditorAssembliesLoaded (0ms)
			ExecutionOrderSort2 (0ms)
			AwakeInstancesAfterBackupRestoration (0ms)
Platform modules already initialized, skipping
Registering precompiled user dll's ...
Registered in 0.002605 seconds.
Begin MonoManager ReloadAssembly
Native extension for OSXStandalone target not found
Refreshing native plugins compatible for Editor in 38.16 ms, found 3 plugins.
Preloading 0 native plugins for Editor in 0.00 ms.
Mono: successfully reloaded assembly
- Completed reload, in  1.174 seconds
Domain Reload Profiling:
	ReloadAssembly (1175ms)
		BeginReloadAssembly (168ms)
			ExecutionOrderSort (0ms)
			DisableScriptedObjects (5ms)
			BackupInstance (0ms)
			ReleaseScriptingObjects (0ms)
			CreateAndSetChildDomain (35ms)
		EndReloadAssembly (945ms)
			LoadAssemblies (125ms)
			RebuildTransferFunctionScriptingTraits (0ms)
			SetupTypeCache (335ms)
			ReleaseScriptCaches (1ms)
			RebuildScriptCaches (54ms)
			SetupLoadedEditorAssemblies (325ms)
				LogAssemblyErrors (0ms)
				InitializePlatformSupportModulesInManaged (3ms)
				SetLoadedEditorAssemblies (0ms)
				RefreshPlugins (38ms)
				BeforeProcessingInitializeOnLoad (70ms)
				ProcessInitializeOnLoadAttributes (194ms)
				ProcessInitializeOnLoadMethodAttributes (18ms)
				AfterProcessingInitializeOnLoad (1ms)
				EditorAssembliesLoaded (0ms)
			ExecutionOrderSort2 (0ms)
			AwakeInstancesAfterBackupRestoration (6ms)
Platform modules already initialized, skipping
Validating Project structure ... 0.004556 seconds.
Shader import version has changed; will reimport all shaders...
Upgrading shader files ...0.015579 seconds.
Application.AssetDatabase Initial Script Refresh Start
RefreshInfo: InitialScriptRefreshV2(NoUpdateAssetOptions) scanfilter:  ... 1 filters
RefreshProfiler: Total: 0.000ms
Application.AssetDatabase Initial Script Refresh End
Application.AssetDatabase.Refresh Start
Application.AssetDatabase.Refresh End
RefreshInfo: StopAssetImportingV2(ForceSynchronousImport) scanfilter: 
RefreshProfiler: Total: 0.000ms
Launching external process: /Applications/Unity/Unity.app/Contents/Tools/UnityShaderCompiler
Launched and connected shader compiler UnityShaderCompiler after 0.01 seconds
Initializing Unity extensions:
========================================================================
Worker process is ready to serve import requests
Refreshing native plugins compatible for Editor in 0.51 ms, found 3 plugins.
Preloading 0 native plugins for Editor in 0.00 ms.
Unloading 2215 Unused Serialized files (Serialized files now loaded: 0)
System memory in use before: 215.5 MB.
System memory in use after: 214.6 MB.

Unloading 109 unused Assets to reduce memory usage. Loaded Objects now: 2686.
Total: 3.954073 ms (FindLiveObjects: 0.251604 ms CreateObjectMapping: 0.152073 ms MarkObjects: 3.008699 ms  DeleteObjects: 0.541174 ms)

AssetImportParameters requested are different than current active one (requested -> active):
  custom:video-decoder-ogg-theora: a1e56fd34408186e4bbccfd4996cb3dc -> 
  custom:container-muxer-webm: aa71ff27fc2769a1b78a27578f13a17b -> 
  custom:container-demuxer-webm: 4f35f7cbe854078d1ac9338744f61a02 -> 
  custom:container-demuxer-ogg: 62fdf1f143b41e24485cea50d1cbac27 -> 
  custom:video-encoder-webm-vp8: eb34c28f22e8b96e1ab97ce403110664 -> 
  custom:framework-osx-AVFoundation: e770b220cccbd017edd2c1fefb359320 -> 
  custom:video-decoder-webm-vp8: 9c59270c3fd7afecdb556c50c9e8de78 -> 
  custom:audio-decoder-ogg-vorbis: bf7c407c2cedff20999df2af8eb42d56 -> 
  custom:audio-encoder-webm-vorbis: bf7c407c2cedff20999df2af8eb42d56 -> 
========================================================================
Received Import Request.
  path: Assets/Assets/World/Decorations/IMG_0185.PNG
  artifactKey: Guid(7b289aad44ad54106b78746ce8489b0a) Importer(815301076,1909f56bfc062723c751e8b465ee728b)
Start importing Assets/Assets/World/Decorations/IMG_0185.PNG using Guid(7b289aad44ad54106b78746ce8489b0a) Importer(815301076,1909f56bfc062723c751e8b465ee728b)  -> (artifact id: '4e46db82feca2f1056e8807470687a51') in 0.964765 seconds 
========================================================================
Received Import Request.
  Time since last request: 0.000351 seconds.
  path: Assets/Assets/World/Decorations/IMG_0180.PNG
  artifactKey: Guid(d9248796b65cf470d8edac0b07b12407) Importer(815301076,1909f56bfc062723c751e8b465ee728b)
Start importing Assets/Assets/World/Decorations/IMG_0180.PNG using Guid(d9248796b65cf470d8edac0b07b12407) Importer(815301076,1909f56bfc062723c751e8b465ee728b)  -> (artifact id: 'dbd4dd33045560e6134e3046680caa6d') in 0.022903 seconds 
========================================================================
Received Import Request.
  Time since last request: 0.000309 seconds.
  path: Assets/Assets/World/Decorations/IMG_0182.PNG
  artifactKey: Guid(7dad47bacb4924becbb7d3d173b8adab) Importer(815301076,1909f56bfc062723c751e8b465ee728b)
Start importing Assets/Assets/World/Decorations/IMG_0182.PNG using Guid(7dad47bacb4924becbb7d3d173b8adab) Importer(815301076,1909f56bfc062723c751e8b465ee728b)  -> (artifact id: '2f9960e81c8d6343c032c8b352069b32') in 0.021870 seconds 
========================================================================
Received Import Request.
  Time since last request: 0.000244 seconds.
  path: Assets/Assets/World/Decorations/MechanicalTree1.png
  artifactKey: Guid(fe59cce32505a4ebbbba41196440f9d7) Importer(815301076,1909f56bfc062723c751e8b465ee728b)
Start importing Assets/Assets/World/Decorations/MechanicalTree1.png using Guid(fe59cce32505a4ebbbba41196440f9d7) Importer(815301076,1909f56bfc062723c751e8b465ee728b)  -> (artifact id: '4629d1b12aa02e33d57a765a6fbb88d0') in 0.853901 seconds 
========================================================================
Received Import Request.
  Time since last request: 0.000243 seconds.
  path: Assets/Assets/World/Decorations/IMG_0183.PNG
  artifactKey: Guid(39124c751cfa9424a8d46899e08ac9c3) Importer(815301076,1909f56bfc062723c751e8b465ee728b)
Start importing Assets/Assets/World/Decorations/IMG_0183.PNG using Guid(39124c751cfa9424a8d46899e08ac9c3) Importer(815301076,1909f56bfc062723c751e8b465ee728b)  -> (artifact id: 'ede9e91793053a07748d3dfa6e65f6b2') in 0.018341 seconds 
========================================================================
Received Import Request.
  Time since last request: 0.000228 seconds.
  path: Assets/Assets/World/Decorations/IMG_0184.PNG
  artifactKey: Guid(18f3d38b424d848d590b8a9a7a51c88a) Importer(815301076,1909f56bfc062723c751e8b465ee728b)
Start importing Assets/Assets/World/Decorations/IMG_0184.PNG using Guid(18f3d38b424d848d590b8a9a7a51c88a) Importer(815301076,1909f56bfc062723c751e8b465ee728b)  -> (artifact id: 'f6287ba9919e501fd1e7337dda8474f7') in 0.020409 seconds 
========================================================================
Received Import Request.
  Time since last request: 0.000209 seconds.
  path: Assets/Assets/World/Decorations/IMG_0181.PNG
  artifactKey: Guid(6166377acf21e472ba87a9e7a1b9ccfc) Importer(815301076,1909f56bfc062723c751e8b465ee728b)
Start importing Assets/Assets/World/Decorations/IMG_0181.PNG using Guid(6166377acf21e472ba87a9e7a1b9ccfc) Importer(815301076,1909f56bfc062723c751e8b465ee728b)  -> (artifact id: '8da159f32612a9b3d58b02c735b4cfe5') in 0.021140 seconds 
AssetImportWorkerClient::OnTransportError - code=2 error=End of file
